[INFO ] 2022-02-09 13:28:33.833 [TestNG-PoolService-0] BasePage - navigate to Urlhttps://rozetka.com.ua
[INFO ] 2022-02-09 13:28:35.400 [TestNG-PoolService-0] BasePage -  Enter search phone
[INFO ] 2022-02-09 13:28:36.346 [TestNG-PoolService-4] BasePage - navigate to Urlhttps://rozetka.com.ua
[INFO ] 2022-02-09 13:28:37.103 [TestNG-PoolService-4] BasePage -  Enter search sup
[INFO ] 2022-02-09 13:28:37.671 [TestNG-PoolService-1] BasePage - navigate to Urlhttps://rozetka.com.ua
[INFO ] 2022-02-09 13:28:37.737 [TestNG-PoolService-2] BasePage - navigate to Urlhttps://rozetka.com.ua
[INFO ] 2022-02-09 13:28:39.308 [TestNG-PoolService-3] BasePage - navigate to Urlhttps://rozetka.com.ua
[INFO ] 2022-02-09 13:28:40.644 [TestNG-PoolService-3] BasePage -  Enter search лижі
[INFO ] 2022-02-09 13:28:48.442 [TestNG-PoolService-2] BasePage -  Enter search lamp
[INFO ] 2022-02-09 13:28:51.157 [TestNG-PoolService-1] BasePage -  Enter search bag
[INFO ] 2022-02-09 13:28:53.378 [TestNG-PoolService-0] BasePage -  add first item 
[INFO ] 2022-02-09 13:28:55.175 [TestNG-PoolService-0] BasePage -  get sum prise 
[INFO ] 2022-02-09 13:28:56.787 [TestNG-PoolService-3] BasePage -  add first item 
[INFO ] 2022-02-09 13:28:57.839 [TestNG-PoolService-3] BasePage -  get sum prise 
[INFO ] 2022-02-09 13:28:58.942 [TestNG-PoolService-2] BasePage -  add first item 
[INFO ] 2022-02-09 13:29:00.166 [TestNG-PoolService-2] BasePage -  get sum prise 
[INFO ] 2022-02-09 13:29:01.458 [TestNG-PoolService-1] BasePage -  add first item 
[INFO ] 2022-02-09 13:29:02.161 [TestNG-PoolService-1] BasePage -  get sum prise 
[INFO ] 2022-02-09 13:29:04.085 [TestNG-PoolService-4] BasePage -  add first item 
[INFO ] 2022-02-09 13:29:04.883 [TestNG-PoolService-4] BasePage -  get sum prise 
